<?xml version="1.0" encoding="UTF-8"?>
<coverage generated="1758396116726" clover="3.2.0">
  <project timestamp="1758396116726" name="All files">
    <metrics statements="209" coveredstatements="176" conditionals="83" coveredconditionals="53" methods="42" coveredmethods="34" elements="334" coveredelements="263" complexity="0" loc="209" ncloc="209" packages="6" files="20" classes="20"/>
    <package name="ToDo-API">
      <metrics statements="6" coveredstatements="6" conditionals="2" coveredconditionals="1" methods="1" coveredmethods="1"/>
      <file name="index.js" path="D:\Coding\Projects\ToDo-App\ToDo-API\index.js">
        <metrics statements="6" coveredstatements="6" conditionals="2" coveredconditionals="1" methods="1" coveredmethods="1"/>
        <line num="7" count="4" type="stmt"/>
        <line num="8" count="4" type="stmt"/>
        <line num="9" count="4" type="stmt"/>
        <line num="10" count="4" type="stmt"/>
        <line num="12" count="4" type="cond" truecount="1" falsecount="1"/>
        <line num="13" count="4" type="stmt"/>
      </file>
    </package>
    <package name="ToDo-API.middleware">
      <metrics statements="52" coveredstatements="40" conditionals="32" coveredconditionals="17" methods="11" coveredmethods="9"/>
      <file name="auth.js" path="D:\Coding\Projects\ToDo-App\ToDo-API\middleware\auth.js">
        <metrics statements="8" coveredstatements="8" conditionals="2" coveredconditionals="2" methods="1" coveredmethods="1"/>
        <line num="3" count="4" type="stmt"/>
        <line num="4" count="51" type="stmt"/>
        <line num="5" count="51" type="cond" truecount="2" falsecount="0"/>
        <line num="7" count="46" type="stmt"/>
        <line num="8" count="46" type="stmt"/>
        <line num="9" count="41" type="stmt"/>
        <line num="10" count="41" type="stmt"/>
        <line num="12" count="5" type="stmt"/>
      </file>
      <file name="authorizeAdmin.js" path="D:\Coding\Projects\ToDo-App\ToDo-API\middleware\authorizeAdmin.js">
        <metrics statements="4" coveredstatements="4" conditionals="2" coveredconditionals="2" methods="1" coveredmethods="1"/>
        <line num="1" count="4" type="stmt"/>
        <line num="2" count="3" type="cond" truecount="2" falsecount="0"/>
        <line num="3" count="1" type="stmt"/>
        <line num="5" count="2" type="stmt"/>
      </file>
      <file name="authorizeBoth.js" path="D:\Coding\Projects\ToDo-App\ToDo-API\middleware\authorizeBoth.js">
        <metrics statements="6" coveredstatements="1" conditionals="8" coveredconditionals="0" methods="1" coveredmethods="0"/>
        <line num="1" count="4" type="stmt"/>
        <line num="2" count="0" type="cond" truecount="0" falsecount="2"/>
        <line num="4" count="0" type="cond" truecount="0" falsecount="2"/>
        <line num="6" count="0" type="cond" truecount="0" falsecount="2"/>
        <line num="8" count="0" type="cond" truecount="0" falsecount="2"/>
        <line num="10" count="0" type="stmt"/>
      </file>
      <file name="authorizeTaskOwner.js" path="D:\Coding\Projects\ToDo-App\ToDo-API\middleware\authorizeTaskOwner.js">
        <metrics statements="4" coveredstatements="4" conditionals="4" coveredconditionals="3" methods="1" coveredmethods="1"/>
        <line num="1" count="4" type="stmt"/>
        <line num="2" count="8" type="cond" truecount="1" falsecount="1"/>
        <line num="5" count="8" type="cond" truecount="2" falsecount="0"/>
        <line num="6" count="3" type="stmt"/>
      </file>
      <file name="authorizeUser.js" path="D:\Coding\Projects\ToDo-App\ToDo-API\middleware\authorizeUser.js">
        <metrics statements="4" coveredstatements="4" conditionals="4" coveredconditionals="3" methods="1" coveredmethods="1"/>
        <line num="1" count="4" type="stmt"/>
        <line num="2" count="6" type="cond" truecount="1" falsecount="1"/>
        <line num="4" count="6" type="cond" truecount="2" falsecount="0"/>
        <line num="5" count="1" type="stmt"/>
      </file>
      <file name="error.js" path="D:\Coding\Projects\ToDo-App\ToDo-API\middleware\error.js">
        <metrics statements="3" coveredstatements="1" conditionals="0" coveredconditionals="0" methods="1" coveredmethods="0"/>
        <line num="2" count="4" type="stmt"/>
        <line num="3" count="0" type="stmt"/>
        <line num="5" count="0" type="stmt"/>
      </file>
      <file name="exist.js" path="D:\Coding\Projects\ToDo-App\ToDo-API\middleware\exist.js">
        <metrics statements="14" coveredstatements="9" conditionals="8" coveredconditionals="3" methods="2" coveredmethods="2"/>
        <line num="1" count="4" type="stmt"/>
        <line num="2" count="28" type="stmt"/>
        <line num="3" count="26" type="stmt"/>
        <line num="5" count="26" type="cond" truecount="1" falsecount="1"/>
        <line num="6" count="26" type="stmt"/>
        <line num="7" count="26" type="cond" truecount="2" falsecount="0"/>
        <line num="8" count="3" type="stmt"/>
        <line num="11" count="0" type="cond" truecount="0" falsecount="2"/>
        <line num="12" count="0" type="stmt"/>
        <line num="14" count="0" type="cond" truecount="0" falsecount="2"/>
        <line num="15" count="0" type="stmt"/>
        <line num="19" count="23" type="stmt"/>
        <line num="20" count="23" type="stmt"/>
        <line num="22" count="0" type="stmt"/>
      </file>
      <file name="idValidator.js" path="D:\Coding\Projects\ToDo-App\ToDo-API\middleware\idValidator.js">
        <metrics statements="4" coveredstatements="4" conditionals="2" coveredconditionals="2" methods="1" coveredmethods="1"/>
        <line num="3" count="4" type="stmt"/>
        <line num="4" count="29" type="cond" truecount="2" falsecount="0"/>
        <line num="5" count="3" type="stmt"/>
        <line num="7" count="26" type="stmt"/>
      </file>
      <file name="validate.js" path="D:\Coding\Projects\ToDo-App\ToDo-API\middleware\validate.js">
        <metrics statements="5" coveredstatements="5" conditionals="2" coveredconditionals="2" methods="2" coveredmethods="2"/>
        <line num="1" count="4" type="stmt"/>
        <line num="2" count="20" type="stmt"/>
        <line num="3" count="35" type="stmt"/>
        <line num="4" count="35" type="cond" truecount="2" falsecount="0"/>
        <line num="5" count="21" type="stmt"/>
      </file>
    </package>
    <package name="ToDo-API.models">
      <metrics statements="21" coveredstatements="21" conditionals="0" coveredconditionals="0" methods="6" coveredmethods="6"/>
      <file name="tasks.js" path="D:\Coding\Projects\ToDo-App\ToDo-API\models\tasks.js">
        <metrics statements="7" coveredstatements="7" conditionals="0" coveredconditionals="0" methods="2" coveredmethods="2"/>
        <line num="4" count="4" type="stmt"/>
        <line num="32" count="4" type="stmt"/>
        <line num="34" count="4" type="stmt"/>
        <line num="40" count="4" type="stmt"/>
        <line num="41" count="6" type="stmt"/>
        <line num="49" count="4" type="stmt"/>
        <line num="50" count="6" type="stmt"/>
      </file>
      <file name="users.js" path="D:\Coding\Projects\ToDo-App\ToDo-API\models\users.js">
        <metrics statements="14" coveredstatements="14" conditionals="0" coveredconditionals="0" methods="4" coveredmethods="4"/>
        <line num="5" count="4" type="stmt"/>
        <line num="7" count="4" type="stmt"/>
        <line num="38" count="4" type="stmt"/>
        <line num="40" count="10" type="stmt"/>
        <line num="41" count="10" type="stmt"/>
        <line num="42" count="10" type="stmt"/>
        <line num="46" count="4" type="stmt"/>
        <line num="48" count="242" type="stmt"/>
        <line num="55" count="4" type="stmt"/>
        <line num="57" count="4" type="stmt"/>
        <line num="64" count="4" type="stmt"/>
        <line num="65" count="3" type="stmt"/>
        <line num="72" count="4" type="stmt"/>
        <line num="73" count="13" type="stmt"/>
      </file>
    </package>
    <package name="ToDo-API.routes">
      <metrics statements="89" coveredstatements="71" conditionals="28" coveredconditionals="20" methods="14" coveredmethods="9"/>
      <file name="addAdmin.js" path="D:\Coding\Projects\ToDo-App\ToDo-API\routes\addAdmin.js">
        <metrics statements="10" coveredstatements="2" conditionals="4" coveredconditionals="0" methods="1" coveredmethods="0"/>
        <line num="7" count="4" type="stmt"/>
        <line num="9" count="4" type="stmt"/>
        <line num="13" count="0" type="stmt"/>
        <line num="14" count="0" type="cond" truecount="0" falsecount="2"/>
        <line num="15" count="0" type="stmt"/>
        <line num="18" count="0" type="cond" truecount="0" falsecount="2"/>
        <line num="19" count="0" type="stmt"/>
        <line num="24" count="0" type="stmt"/>
        <line num="25" count="0" type="stmt"/>
        <line num="27" count="0" type="stmt"/>
      </file>
      <file name="auth.js" path="D:\Coding\Projects\ToDo-App\ToDo-API\routes\auth.js">
        <metrics statements="14" coveredstatements="14" conditionals="4" coveredconditionals="4" methods="2" coveredmethods="2"/>
        <line num="6" count="4" type="stmt"/>
        <line num="8" count="4" type="stmt"/>
        <line num="9" count="7" type="stmt"/>
        <line num="15" count="7" type="stmt"/>
        <line num="18" count="4" type="stmt"/>
        <line num="19" count="5" type="stmt"/>
        <line num="21" count="5" type="stmt"/>
        <line num="24" count="5" type="cond" truecount="2" falsecount="0"/>
        <line num="25" count="2" type="stmt"/>
        <line num="29" count="3" type="stmt"/>
        <line num="30" count="3" type="cond" truecount="2" falsecount="0"/>
        <line num="31" count="2" type="stmt"/>
        <line num="35" count="1" type="stmt"/>
        <line num="37" count="1" type="stmt"/>
      </file>
      <file name="tasks.js" path="D:\Coding\Projects\ToDo-App\ToDo-API\routes\tasks.js">
        <metrics statements="22" coveredstatements="22" conditionals="10" coveredconditionals="8" methods="4" coveredmethods="4"/>
        <line num="12" count="4" type="stmt"/>
        <line num="14" count="4" type="stmt"/>
        <line num="15" count="3" type="stmt"/>
        <line num="16" count="3" type="stmt"/>
        <line num="19" count="4" type="stmt"/>
        <line num="20" count="3" type="stmt"/>
        <line num="22" count="3" type="stmt"/>
        <line num="32" count="3" type="stmt"/>
        <line num="34" count="3" type="stmt"/>
        <line num="37" count="4" type="stmt"/>
        <line num="47" count="3" type="stmt"/>
        <line num="50" count="3" type="stmt"/>
        <line num="51" count="3" type="cond" truecount="1" falsecount="1"/>
        <line num="52" count="3" type="cond" truecount="2" falsecount="0"/>
        <line num="53" count="3" type="cond" truecount="2" falsecount="0"/>
        <line num="55" count="3" type="stmt"/>
        <line num="61" count="3" type="cond" truecount="1" falsecount="1"/>
        <line num="63" count="3" type="stmt"/>
        <line num="67" count="4" type="stmt"/>
        <line num="71" count="2" type="stmt"/>
        <line num="73" count="2" type="stmt"/>
        <line num="75" count="2" type="stmt"/>
      </file>
      <file name="users.js" path="D:\Coding\Projects\ToDo-App\ToDo-API\routes\users.js">
        <metrics statements="43" coveredstatements="33" conditionals="10" coveredconditionals="8" methods="7" coveredmethods="3"/>
        <line num="16" count="4" type="stmt"/>
        <line num="18" count="4" type="stmt"/>
        <line num="19" count="2" type="stmt"/>
        <line num="20" count="2" type="stmt"/>
        <line num="24" count="4" type="stmt"/>
        <line num="28" count="0" type="stmt"/>
        <line num="29" count="0" type="stmt"/>
        <line num="33" count="4" type="stmt"/>
        <line num="37" count="0" type="stmt"/>
        <line num="39" count="0" type="stmt"/>
        <line num="44" count="4" type="stmt"/>
        <line num="45" count="3" type="stmt"/>
        <line num="49" count="3" type="cond" truecount="2" falsecount="0"/>
        <line num="50" count="2" type="stmt"/>
        <line num="58" count="1" type="stmt"/>
        <line num="60" count="1" type="stmt"/>
        <line num="61" count="1" type="stmt"/>
        <line num="63" count="1" type="stmt"/>
        <line num="65" count="1" type="stmt"/>
        <line num="67" count="1" type="stmt"/>
        <line num="71" count="4" type="stmt"/>
        <line num="81" count="5" type="stmt"/>
        <line num="83" count="5" type="stmt"/>
        <line num="86" count="5" type="cond" truecount="1" falsecount="1"/>
        <line num="87" count="5" type="stmt"/>
        <line num="88" count="5" type="stmt"/>
        <line num="92" count="5" type="stmt"/>
        <line num="94" count="5" type="stmt"/>
        <line num="95" count="8" type="cond" truecount="1" falsecount="1"/>
        <line num="97" count="8" type="stmt"/>
        <line num="102" count="8" type="cond" truecount="2" falsecount="0"/>
        <line num="103" count="2" type="stmt"/>
        <line num="108" count="6" type="stmt"/>
        <line num="111" count="3" type="stmt"/>
        <line num="119" count="3" type="stmt"/>
        <line num="124" count="4" type="stmt"/>
        <line num="128" count="0" type="stmt"/>
        <line num="130" count="0" type="stmt"/>
        <line num="132" count="0" type="stmt"/>
        <line num="137" count="4" type="stmt"/>
        <line num="141" count="0" type="stmt"/>
        <line num="143" count="0" type="stmt"/>
        <line num="145" count="0" type="stmt"/>
      </file>
    </package>
    <package name="ToDo-API.startup">
      <metrics statements="16" coveredstatements="13" conditionals="6" coveredconditionals="3" methods="4" coveredmethods="3"/>
      <file name="db.js" path="D:\Coding\Projects\ToDo-App\ToDo-API\startup\db.js">
        <metrics statements="8" coveredstatements="5" conditionals="4" coveredconditionals="2" methods="3" coveredmethods="2"/>
        <line num="4" count="4" type="stmt"/>
        <line num="8" count="4" type="cond" truecount="1" falsecount="1"/>
        <line num="12" count="4" type="cond" truecount="1" falsecount="1"/>
        <line num="13" count="0" type="stmt"/>
        <line num="16" count="0" type="stmt"/>
        <line num="19" count="4" type="stmt"/>
        <line num="21" count="4" type="stmt"/>
        <line num="22" count="0" type="stmt"/>
      </file>
      <file name="logger.js" path="D:\Coding\Projects\ToDo-App\ToDo-API\startup\logger.js">
        <metrics statements="2" coveredstatements="2" conditionals="2" coveredconditionals="1" methods="0" coveredmethods="0"/>
        <line num="5" count="4" type="stmt"/>
        <line num="7" count="4" type="stmt"/>
      </file>
      <file name="routes.js" path="D:\Coding\Projects\ToDo-App\ToDo-API\startup\routes.js">
        <metrics statements="6" coveredstatements="6" conditionals="0" coveredconditionals="0" methods="1" coveredmethods="1"/>
        <line num="9" count="4" type="stmt"/>
        <line num="10" count="4" type="stmt"/>
        <line num="11" count="4" type="stmt"/>
        <line num="12" count="4" type="stmt"/>
        <line num="13" count="4" type="stmt"/>
        <line num="14" count="4" type="stmt"/>
      </file>
    </package>
    <package name="ToDo-API.tests">
      <metrics statements="25" coveredstatements="25" conditionals="15" coveredconditionals="12" methods="6" coveredmethods="6"/>
      <file name="test.helpers.js" path="D:\Coding\Projects\ToDo-App\ToDo-API\tests\test.helpers.js">
        <metrics statements="25" coveredstatements="25" conditionals="15" coveredconditionals="12" methods="6" coveredmethods="6"/>
        <line num="8" count="4" type="cond" truecount="1" falsecount="0"/>
        <line num="14" count="240" type="cond" truecount="1" falsecount="1"/>
        <line num="15" count="240" type="stmt"/>
        <line num="16" count="240" type="stmt"/>
        <line num="17" count="240" type="stmt"/>
        <line num="23" count="240" type="stmt"/>
        <line num="24" count="240" type="stmt"/>
        <line num="25" count="240" type="stmt"/>
        <line num="31" count="4" type="cond" truecount="0" falsecount="1"/>
        <line num="37" count="34" type="cond" truecount="1" falsecount="1"/>
        <line num="38" count="34" type="stmt"/>
        <line num="47" count="34" type="stmt"/>
        <line num="48" count="34" type="stmt"/>
        <line num="55" count="4" type="stmt"/>
        <line num="56" count="78" type="stmt"/>
        <line num="57" count="78" type="stmt"/>
        <line num="66" count="4" type="stmt"/>
        <line num="67" count="80" type="stmt"/>
        <line num="68" count="80" type="stmt"/>
        <line num="71" count="80" type="stmt"/>
        <line num="76" count="80" type="stmt"/>
        <line num="93" count="4" type="cond" truecount="1" falsecount="0"/>
        <line num="94" count="23" type="stmt"/>
        <line num="102" count="4" type="cond" truecount="1" falsecount="0"/>
        <line num="103" count="10" type="stmt"/>
      </file>
    </package>
  </project>
</coverage>
