{"D:\\Coding\\Projects\\ToDo-App\\index.js": {"path":"D:\\Coding\\Projects\\ToDo-App\\index.js","statementMap":{"0":{"start":{"line":7,"column":19},"end":{"line":7,"column":28}},"1":{"start":{"line":8,"column":0},"end":{"line":8,"column":16}},"2":{"start":{"line":9,"column":0},"end":{"line":9,"column":5}},"3":{"start":{"line":10,"column":0},"end":{"line":10,"column":12}},"4":{"start":{"line":12,"column":13},"end":{"line":12,"column":37}},"5":{"start":{"line":13,"column":0},"end":{"line":13,"column":65}},"6":{"start":{"line":13,"column":23},"end":{"line":13,"column":63}}},"fnMap":{"0":{"name":"(anonymous_0)","decl":{"start":{"line":13,"column":17},"end":{"line":13,"column":18}},"loc":{"start":{"line":13,"column":23},"end":{"line":13,"column":63}},"line":13}},"branchMap":{"0":{"loc":{"start":{"line":12,"column":13},"end":{"line":12,"column":37}},"type":"binary-expr","locations":[{"start":{"line":12,"column":13},"end":{"line":12,"column":29}},{"start":{"line":12,"column":33},"end":{"line":12,"column":37}}],"line":12}},"s":{"0":4,"1":4,"2":4,"3":4,"4":4,"5":4,"6":4},"f":{"0":4},"b":{"0":[4,0]},"inputSourceMap":null,"_coverageSchema":"1a1c01bbd47fc00a2c39e90264f33305004495a9","hash":"9b8f6910d237b7775310d38246376ffa0cfd07f5"}
,"D:\\Coding\\Projects\\ToDo-App\\middleware\\auth.js": {"path":"D:\\Coding\\Projects\\ToDo-App\\middleware\\auth.js","statementMap":{"0":{"start":{"line":3,"column":20},"end":{"line":14,"column":1}},"1":{"start":{"line":4,"column":16},"end":{"line":4,"column":42}},"2":{"start":{"line":5,"column":2},"end":{"line":5,"column":74}},"3":{"start":{"line":5,"column":14},"end":{"line":5,"column":74}},"4":{"start":{"line":7,"column":2},"end":{"line":13,"column":3}},"5":{"start":{"line":8,"column":20},"end":{"line":8,"column":66}},"6":{"start":{"line":9,"column":4},"end":{"line":9,"column":23}},"7":{"start":{"line":10,"column":4},"end":{"line":10,"column":11}},"8":{"start":{"line":12,"column":4},"end":{"line":12,"column":62}}},"fnMap":{"0":{"name":"(anonymous_0)","decl":{"start":{"line":3,"column":20},"end":{"line":3,"column":21}},"loc":{"start":{"line":3,"column":46},"end":{"line":14,"column":1}},"line":3}},"branchMap":{"0":{"loc":{"start":{"line":5,"column":2},"end":{"line":5,"column":74}},"type":"if","locations":[{"start":{"line":5,"column":2},"end":{"line":5,"column":74}},{"start":{},"end":{}}],"line":5}},"s":{"0":4,"1":66,"2":66,"3":7,"4":59,"5":59,"6":52,"7":52,"8":7},"f":{"0":66},"b":{"0":[7,59]},"inputSourceMap":null,"_coverageSchema":"1a1c01bbd47fc00a2c39e90264f33305004495a9","hash":"f48d76121f744f8cc8c6d3a00a172b1141e5735b"}
,"D:\\Coding\\Projects\\ToDo-App\\middleware\\authorizeAdmin.js": {"path":"D:\\Coding\\Projects\\ToDo-App\\middleware\\authorizeAdmin.js","statementMap":{"0":{"start":{"line":1,"column":30},"end":{"line":6,"column":1}},"1":{"start":{"line":2,"column":2},"end":{"line":3,"column":69}},"2":{"start":{"line":3,"column":4},"end":{"line":3,"column":69}},"3":{"start":{"line":5,"column":2},"end":{"line":5,"column":9}}},"fnMap":{"0":{"name":"(anonymous_0)","decl":{"start":{"line":1,"column":30},"end":{"line":1,"column":31}},"loc":{"start":{"line":1,"column":50},"end":{"line":6,"column":1}},"line":1}},"branchMap":{"0":{"loc":{"start":{"line":2,"column":2},"end":{"line":3,"column":69}},"type":"if","locations":[{"start":{"line":2,"column":2},"end":{"line":3,"column":69}},{"start":{},"end":{}}],"line":2}},"s":{"0":4,"1":3,"2":1,"3":2},"f":{"0":3},"b":{"0":[1,2]},"inputSourceMap":null,"_coverageSchema":"1a1c01bbd47fc00a2c39e90264f33305004495a9","hash":"202c23947098234ed7fd81cb053a6ff1278052fc"}
,"D:\\Coding\\Projects\\ToDo-App\\middleware\\authorizeBoth.js": {"path":"D:\\Coding\\Projects\\ToDo-App\\middleware\\authorizeBoth.js","statementMap":{"0":{"start":{"line":1,"column":29},"end":{"line":11,"column":1}},"1":{"start":{"line":2,"column":2},"end":{"line":2,"column":72}},"2":{"start":{"line":2,"column":17},"end":{"line":2,"column":72}},"3":{"start":{"line":4,"column":2},"end":{"line":4,"column":73}},"4":{"start":{"line":4,"column":16},"end":{"line":4,"column":73}},"5":{"start":{"line":6,"column":2},"end":{"line":6,"column":38}},"6":{"start":{"line":6,"column":24},"end":{"line":6,"column":38}},"7":{"start":{"line":8,"column":2},"end":{"line":8,"column":54}},"8":{"start":{"line":8,"column":40},"end":{"line":8,"column":54}},"9":{"start":{"line":10,"column":2},"end":{"line":10,"column":59}}},"fnMap":{"0":{"name":"(anonymous_0)","decl":{"start":{"line":1,"column":29},"end":{"line":1,"column":30}},"loc":{"start":{"line":1,"column":49},"end":{"line":11,"column":1}},"line":1}},"branchMap":{"0":{"loc":{"start":{"line":2,"column":2},"end":{"line":2,"column":72}},"type":"if","locations":[{"start":{"line":2,"column":2},"end":{"line":2,"column":72}},{"start":{},"end":{}}],"line":2},"1":{"loc":{"start":{"line":4,"column":2},"end":{"line":4,"column":73}},"type":"if","locations":[{"start":{"line":4,"column":2},"end":{"line":4,"column":73}},{"start":{},"end":{}}],"line":4},"2":{"loc":{"start":{"line":6,"column":2},"end":{"line":6,"column":38}},"type":"if","locations":[{"start":{"line":6,"column":2},"end":{"line":6,"column":38}},{"start":{},"end":{}}],"line":6},"3":{"loc":{"start":{"line":8,"column":2},"end":{"line":8,"column":54}},"type":"if","locations":[{"start":{"line":8,"column":2},"end":{"line":8,"column":54}},{"start":{},"end":{}}],"line":8}},"s":{"0":4,"1":8,"2":0,"3":8,"4":0,"5":8,"6":2,"7":6,"8":4,"9":2},"f":{"0":8},"b":{"0":[0,8],"1":[0,8],"2":[2,6],"3":[4,2]},"inputSourceMap":null,"_coverageSchema":"1a1c01bbd47fc00a2c39e90264f33305004495a9","hash":"664e2b156303c4a45950c33e2b8990e6d95b7a74"}
,"D:\\Coding\\Projects\\ToDo-App\\middleware\\authorizeTaskOwner.js": {"path":"D:\\Coding\\Projects\\ToDo-App\\middleware\\authorizeTaskOwner.js","statementMap":{"0":{"start":{"line":1,"column":34},"end":{"line":7,"column":1}},"1":{"start":{"line":2,"column":2},"end":{"line":2,"column":73}},"2":{"start":{"line":2,"column":16},"end":{"line":2,"column":73}},"3":{"start":{"line":5,"column":2},"end":{"line":5,"column":62}},"4":{"start":{"line":5,"column":48},"end":{"line":5,"column":62}},"5":{"start":{"line":6,"column":2},"end":{"line":6,"column":59}}},"fnMap":{"0":{"name":"(anonymous_0)","decl":{"start":{"line":1,"column":34},"end":{"line":1,"column":35}},"loc":{"start":{"line":1,"column":54},"end":{"line":7,"column":1}},"line":1}},"branchMap":{"0":{"loc":{"start":{"line":2,"column":2},"end":{"line":2,"column":73}},"type":"if","locations":[{"start":{"line":2,"column":2},"end":{"line":2,"column":73}},{"start":{},"end":{}}],"line":2},"1":{"loc":{"start":{"line":5,"column":2},"end":{"line":5,"column":62}},"type":"if","locations":[{"start":{"line":5,"column":2},"end":{"line":5,"column":62}},{"start":{},"end":{}}],"line":5}},"s":{"0":4,"1":8,"2":0,"3":8,"4":5,"5":3},"f":{"0":8},"b":{"0":[0,8],"1":[5,3]},"inputSourceMap":null,"_coverageSchema":"1a1c01bbd47fc00a2c39e90264f33305004495a9","hash":"5874ffd4f89f8059f361e569453bc21e7c3a9b9e"}
,"D:\\Coding\\Projects\\ToDo-App\\middleware\\authorizeUser.js": {"path":"D:\\Coding\\Projects\\ToDo-App\\middleware\\authorizeUser.js","statementMap":{"0":{"start":{"line":1,"column":29},"end":{"line":6,"column":1}},"1":{"start":{"line":2,"column":2},"end":{"line":2,"column":73}},"2":{"start":{"line":2,"column":16},"end":{"line":2,"column":73}},"3":{"start":{"line":4,"column":2},"end":{"line":4,"column":54}},"4":{"start":{"line":4,"column":40},"end":{"line":4,"column":54}},"5":{"start":{"line":5,"column":2},"end":{"line":5,"column":59}}},"fnMap":{"0":{"name":"(anonymous_0)","decl":{"start":{"line":1,"column":29},"end":{"line":1,"column":30}},"loc":{"start":{"line":1,"column":49},"end":{"line":6,"column":1}},"line":1}},"branchMap":{"0":{"loc":{"start":{"line":2,"column":2},"end":{"line":2,"column":73}},"type":"if","locations":[{"start":{"line":2,"column":2},"end":{"line":2,"column":73}},{"start":{},"end":{}}],"line":2},"1":{"loc":{"start":{"line":4,"column":2},"end":{"line":4,"column":54}},"type":"if","locations":[{"start":{"line":4,"column":2},"end":{"line":4,"column":54}},{"start":{},"end":{}}],"line":4}},"s":{"0":4,"1":6,"2":0,"3":6,"4":5,"5":1},"f":{"0":6},"b":{"0":[0,6],"1":[5,1]},"inputSourceMap":null,"_coverageSchema":"1a1c01bbd47fc00a2c39e90264f33305004495a9","hash":"87a91eb9586baf52e8de1da1ce899d1277657e97"}
,"D:\\Coding\\Projects\\ToDo-App\\middleware\\error.js": {"path":"D:\\Coding\\Projects\\ToDo-App\\middleware\\error.js","statementMap":{"0":{"start":{"line":2,"column":31},"end":{"line":6,"column":1}},"1":{"start":{"line":3,"column":2},"end":{"line":3,"column":33}},"2":{"start":{"line":5,"column":2},"end":{"line":5,"column":54}}},"fnMap":{"0":{"name":"(anonymous_0)","decl":{"start":{"line":2,"column":31},"end":{"line":2,"column":32}},"loc":{"start":{"line":2,"column":62},"end":{"line":6,"column":1}},"line":2}},"branchMap":{},"s":{"0":4,"1":0,"2":0},"f":{"0":0},"b":{},"inputSourceMap":null,"_coverageSchema":"1a1c01bbd47fc00a2c39e90264f33305004495a9","hash":"e3237889d9c1e4e328de71c95632f125153d89a9"}
,"D:\\Coding\\Projects\\ToDo-App\\middleware\\exist.js": {"path":"D:\\Coding\\Projects\\ToDo-App\\middleware\\exist.js","statementMap":{"0":{"start":{"line":1,"column":21},"end":{"line":14,"column":1}},"1":{"start":{"line":2,"column":2},"end":{"line":13,"column":4}},"2":{"start":{"line":3,"column":16},"end":{"line":3,"column":51}},"3":{"start":{"line":5,"column":4},"end":{"line":8,"column":75}},"4":{"start":{"line":6,"column":6},"end":{"line":8,"column":75}},"5":{"start":{"line":10,"column":4},"end":{"line":10,"column":18}},"6":{"start":{"line":12,"column":4},"end":{"line":12,"column":11}}},"fnMap":{"0":{"name":"(anonymous_0)","decl":{"start":{"line":1,"column":21},"end":{"line":1,"column":22}},"loc":{"start":{"line":1,"column":32},"end":{"line":14,"column":1}},"line":1},"1":{"name":"(anonymous_1)","decl":{"start":{"line":2,"column":9},"end":{"line":2,"column":10}},"loc":{"start":{"line":2,"column":35},"end":{"line":13,"column":3}},"line":2}},"branchMap":{"0":{"loc":{"start":{"line":5,"column":4},"end":{"line":8,"column":75}},"type":"if","locations":[{"start":{"line":5,"column":4},"end":{"line":8,"column":75}},{"start":{},"end":{}}],"line":5}},"s":{"0":4,"1":20,"2":36,"3":36,"4":5,"5":31,"6":31},"f":{"0":20,"1":36},"b":{"0":[5,31]},"inputSourceMap":null,"_coverageSchema":"1a1c01bbd47fc00a2c39e90264f33305004495a9","hash":"cbf972f4437f0a48250ee46cf65032bdfc4d23a9"}
,"D:\\Coding\\Projects\\ToDo-App\\middleware\\idValidator.js": {"path":"D:\\Coding\\Projects\\ToDo-App\\middleware\\idValidator.js","statementMap":{"0":{"start":{"line":3,"column":27},"end":{"line":8,"column":1}},"1":{"start":{"line":4,"column":2},"end":{"line":5,"column":71}},"2":{"start":{"line":5,"column":4},"end":{"line":5,"column":71}},"3":{"start":{"line":7,"column":2},"end":{"line":7,"column":9}}},"fnMap":{"0":{"name":"(anonymous_0)","decl":{"start":{"line":3,"column":27},"end":{"line":3,"column":28}},"loc":{"start":{"line":3,"column":47},"end":{"line":8,"column":1}},"line":3}},"branchMap":{"0":{"loc":{"start":{"line":4,"column":2},"end":{"line":5,"column":71}},"type":"if","locations":[{"start":{"line":4,"column":2},"end":{"line":5,"column":71}},{"start":{},"end":{}}],"line":4}},"s":{"0":4,"1":43,"2":5,"3":38},"f":{"0":43},"b":{"0":[5,38]},"inputSourceMap":null,"_coverageSchema":"1a1c01bbd47fc00a2c39e90264f33305004495a9","hash":"7a00b675bbd8b6f7e803f1de1a405f55f7cb083f"}
,"D:\\Coding\\Projects\\ToDo-App\\middleware\\validate.js": {"path":"D:\\Coding\\Projects\\ToDo-App\\middleware\\validate.js","statementMap":{"0":{"start":{"line":1,"column":24},"end":{"line":7,"column":1}},"1":{"start":{"line":2,"column":2},"end":{"line":6,"column":4}},"2":{"start":{"line":3,"column":22},"end":{"line":3,"column":41}},"3":{"start":{"line":4,"column":4},"end":{"line":4,"column":80}},"4":{"start":{"line":4,"column":15},"end":{"line":4,"column":80}},"5":{"start":{"line":5,"column":4},"end":{"line":5,"column":11}}},"fnMap":{"0":{"name":"(anonymous_0)","decl":{"start":{"line":1,"column":24},"end":{"line":1,"column":25}},"loc":{"start":{"line":1,"column":45},"end":{"line":7,"column":1}},"line":1},"1":{"name":"(anonymous_1)","decl":{"start":{"line":2,"column":9},"end":{"line":2,"column":10}},"loc":{"start":{"line":2,"column":29},"end":{"line":6,"column":3}},"line":2}},"branchMap":{"0":{"loc":{"start":{"line":4,"column":4},"end":{"line":4,"column":80}},"type":"if","locations":[{"start":{"line":4,"column":4},"end":{"line":4,"column":80}},{"start":{},"end":{}}],"line":4}},"s":{"0":4,"1":20,"2":35,"3":35,"4":14,"5":21},"f":{"0":20,"1":35},"b":{"0":[14,21]},"inputSourceMap":null,"_coverageSchema":"1a1c01bbd47fc00a2c39e90264f33305004495a9","hash":"db526d1f9567fe818402a8c811f621e03edada09"}
,"D:\\Coding\\Projects\\ToDo-App\\models\\tasks.js": {"path":"D:\\Coding\\Projects\\ToDo-App\\models\\tasks.js","statementMap":{"0":{"start":{"line":4,"column":20},"end":{"line":30,"column":1}},"1":{"start":{"line":32,"column":20},"end":{"line":32,"column":55}},"2":{"start":{"line":34,"column":20},"end":{"line":38,"column":1}},"3":{"start":{"line":40,"column":29},"end":{"line":46,"column":1}},"4":{"start":{"line":41,"column":2},"end":{"line":45,"column":20}},"5":{"start":{"line":49,"column":35},"end":{"line":50,"column":47}},"6":{"start":{"line":50,"column":2},"end":{"line":50,"column":47}}},"fnMap":{"0":{"name":"(anonymous_0)","decl":{"start":{"line":40,"column":29},"end":{"line":40,"column":30}},"loc":{"start":{"line":40,"column":39},"end":{"line":46,"column":1}},"line":40},"1":{"name":"(anonymous_1)","decl":{"start":{"line":49,"column":35},"end":{"line":49,"column":36}},"loc":{"start":{"line":50,"column":2},"end":{"line":50,"column":47}},"line":50}},"branchMap":{},"s":{"0":4,"1":4,"2":4,"3":4,"4":6,"5":4,"6":6},"f":{"0":6,"1":6},"b":{},"inputSourceMap":null,"_coverageSchema":"1a1c01bbd47fc00a2c39e90264f33305004495a9","hash":"8c32d98b53bfb83d492d8c6839edd3d2249c023b"}
,"D:\\Coding\\Projects\\ToDo-App\\models\\users.js": {"path":"D:\\Coding\\Projects\\ToDo-App\\models\\users.js","statementMap":{"0":{"start":{"line":5,"column":0},"end":{"line":5,"column":16}},"1":{"start":{"line":7,"column":20},"end":{"line":36,"column":1}},"2":{"start":{"line":38,"column":0},"end":{"line":44,"column":3}},"3":{"start":{"line":40,"column":4},"end":{"line":40,"column":24}},"4":{"start":{"line":41,"column":4},"end":{"line":41,"column":19}},"5":{"start":{"line":42,"column":4},"end":{"line":42,"column":15}},"6":{"start":{"line":46,"column":0},"end":{"line":52,"column":2}},"7":{"start":{"line":48,"column":2},"end":{"line":51,"column":4}},"8":{"start":{"line":54,"column":20},"end":{"line":54,"column":55}},"9":{"start":{"line":56,"column":19},"end":{"line":60,"column":1}},"10":{"start":{"line":63,"column":35},"end":{"line":68,"column":19}},"11":{"start":{"line":64,"column":2},"end":{"line":68,"column":19}},"12":{"start":{"line":71,"column":35},"end":{"line":72,"column":46}},"13":{"start":{"line":72,"column":2},"end":{"line":72,"column":46}}},"fnMap":{"0":{"name":"(anonymous_0)","decl":{"start":{"line":39,"column":13},"end":{"line":39,"column":14}},"loc":{"start":{"line":39,"column":27},"end":{"line":43,"column":3}},"line":39},"1":{"name":"(anonymous_1)","decl":{"start":{"line":46,"column":40},"end":{"line":46,"column":41}},"loc":{"start":{"line":46,"column":52},"end":{"line":52,"column":1}},"line":46},"2":{"name":"(anonymous_2)","decl":{"start":{"line":63,"column":35},"end":{"line":63,"column":36}},"loc":{"start":{"line":64,"column":2},"end":{"line":68,"column":19}},"line":64},"3":{"name":"(anonymous_3)","decl":{"start":{"line":71,"column":35},"end":{"line":71,"column":36}},"loc":{"start":{"line":72,"column":2},"end":{"line":72,"column":46}},"line":72}},"branchMap":{},"s":{"0":4,"1":4,"2":4,"3":16,"4":16,"5":16,"6":4,"7":242,"8":4,"9":4,"10":4,"11":3,"12":4,"13":13},"f":{"0":16,"1":242,"2":3,"3":13},"b":{},"inputSourceMap":null,"_coverageSchema":"1a1c01bbd47fc00a2c39e90264f33305004495a9","hash":"6611319bf2b2f4c65d928ec61979d9788fe3a3bf"}
,"D:\\Coding\\Projects\\ToDo-App\\routes\\auth.js": {"path":"D:\\Coding\\Projects\\ToDo-App\\routes\\auth.js","statementMap":{"0":{"start":{"line":6,"column":15},"end":{"line":6,"column":31}},"1":{"start":{"line":8,"column":22},"end":{"line":16,"column":1}},"2":{"start":{"line":9,"column":17},"end":{"line":13,"column":29}},"3":{"start":{"line":15,"column":2},"end":{"line":15,"column":30}},"4":{"start":{"line":18,"column":0},"end":{"line":38,"column":3}},"5":{"start":{"line":19,"column":40},"end":{"line":19,"column":48}},"6":{"start":{"line":21,"column":15},"end":{"line":23,"column":4}},"7":{"start":{"line":24,"column":2},"end":{"line":27,"column":7}},"8":{"start":{"line":25,"column":4},"end":{"line":27,"column":7}},"9":{"start":{"line":29,"column":24},"end":{"line":29,"column":69}},"10":{"start":{"line":30,"column":2},"end":{"line":33,"column":7}},"11":{"start":{"line":31,"column":4},"end":{"line":33,"column":7}},"12":{"start":{"line":35,"column":16},"end":{"line":35,"column":40}},"13":{"start":{"line":37,"column":2},"end":{"line":37,"column":48}}},"fnMap":{"0":{"name":"(anonymous_0)","decl":{"start":{"line":8,"column":22},"end":{"line":8,"column":23}},"loc":{"start":{"line":8,"column":37},"end":{"line":16,"column":1}},"line":8},"1":{"name":"(anonymous_1)","decl":{"start":{"line":18,"column":42},"end":{"line":18,"column":43}},"loc":{"start":{"line":18,"column":62},"end":{"line":38,"column":1}},"line":18}},"branchMap":{"0":{"loc":{"start":{"line":24,"column":2},"end":{"line":27,"column":7}},"type":"if","locations":[{"start":{"line":24,"column":2},"end":{"line":27,"column":7}},{"start":{},"end":{}}],"line":24},"1":{"loc":{"start":{"line":30,"column":2},"end":{"line":33,"column":7}},"type":"if","locations":[{"start":{"line":30,"column":2},"end":{"line":33,"column":7}},{"start":{},"end":{}}],"line":30}},"s":{"0":4,"1":4,"2":7,"3":7,"4":4,"5":5,"6":5,"7":5,"8":2,"9":3,"10":3,"11":2,"12":1,"13":1},"f":{"0":7,"1":5},"b":{"0":[2,3],"1":[2,1]},"inputSourceMap":null,"_coverageSchema":"1a1c01bbd47fc00a2c39e90264f33305004495a9","hash":"4a3aba615ea43783fb36c193c7f746ad317d193c"}
,"D:\\Coding\\Projects\\ToDo-App\\routes\\tasks.js": {"path":"D:\\Coding\\Projects\\ToDo-App\\routes\\tasks.js","statementMap":{"0":{"start":{"line":12,"column":15},"end":{"line":12,"column":31}},"1":{"start":{"line":14,"column":0},"end":{"line":17,"column":3}},"2":{"start":{"line":15,"column":16},"end":{"line":15,"column":64}},"3":{"start":{"line":16,"column":2},"end":{"line":16,"column":18}},"4":{"start":{"line":19,"column":0},"end":{"line":35,"column":3}},"5":{"start":{"line":20,"column":36},"end":{"line":20,"column":44}},"6":{"start":{"line":22,"column":15},"end":{"line":30,"column":4}},"7":{"start":{"line":32,"column":2},"end":{"line":32,"column":20}},"8":{"start":{"line":34,"column":2},"end":{"line":34,"column":17}},"9":{"start":{"line":37,"column":0},"end":{"line":65,"column":2}},"10":{"start":{"line":47,"column":38},"end":{"line":47,"column":46}},"11":{"start":{"line":50,"column":24},"end":{"line":50,"column":26}},"12":{"start":{"line":51,"column":4},"end":{"line":51,"column":52}},"13":{"start":{"line":51,"column":28},"end":{"line":51,"column":52}},"14":{"start":{"line":52,"column":4},"end":{"line":52,"column":58}},"15":{"start":{"line":52,"column":30},"end":{"line":52,"column":58}},"16":{"start":{"line":53,"column":4},"end":{"line":53,"column":61}},"17":{"start":{"line":53,"column":31},"end":{"line":53,"column":61}},"18":{"start":{"line":55,"column":24},"end":{"line":59,"column":5}},"19":{"start":{"line":61,"column":4},"end":{"line":61,"column":79}},"20":{"start":{"line":61,"column":22},"end":{"line":61,"column":79}},"21":{"start":{"line":63,"column":4},"end":{"line":63,"column":26}},"22":{"start":{"line":67,"column":0},"end":{"line":77,"column":2}},"23":{"start":{"line":71,"column":17},"end":{"line":71,"column":24}},"24":{"start":{"line":73,"column":4},"end":{"line":73,"column":27}},"25":{"start":{"line":75,"column":4},"end":{"line":75,"column":32}}},"fnMap":{"0":{"name":"(anonymous_0)","decl":{"start":{"line":14,"column":22},"end":{"line":14,"column":23}},"loc":{"start":{"line":14,"column":42},"end":{"line":17,"column":1}},"line":14},"1":{"name":"(anonymous_1)","decl":{"start":{"line":19,"column":50},"end":{"line":19,"column":51}},"loc":{"start":{"line":19,"column":70},"end":{"line":35,"column":1}},"line":19},"2":{"name":"(anonymous_2)","decl":{"start":{"line":46,"column":2},"end":{"line":46,"column":3}},"loc":{"start":{"line":46,"column":22},"end":{"line":64,"column":3}},"line":46},"3":{"name":"(anonymous_3)","decl":{"start":{"line":70,"column":2},"end":{"line":70,"column":3}},"loc":{"start":{"line":70,"column":22},"end":{"line":76,"column":3}},"line":70}},"branchMap":{"0":{"loc":{"start":{"line":29,"column":13},"end":{"line":29,"column":58}},"type":"cond-expr","locations":[{"start":{"line":29,"column":23},"end":{"line":29,"column":46}},{"start":{"line":29,"column":49},"end":{"line":29,"column":58}}],"line":29},"1":{"loc":{"start":{"line":51,"column":4},"end":{"line":51,"column":52}},"type":"if","locations":[{"start":{"line":51,"column":4},"end":{"line":51,"column":52}},{"start":{},"end":{}}],"line":51},"2":{"loc":{"start":{"line":52,"column":4},"end":{"line":52,"column":58}},"type":"if","locations":[{"start":{"line":52,"column":4},"end":{"line":52,"column":58}},{"start":{},"end":{}}],"line":52},"3":{"loc":{"start":{"line":53,"column":4},"end":{"line":53,"column":61}},"type":"if","locations":[{"start":{"line":53,"column":4},"end":{"line":53,"column":61}},{"start":{},"end":{}}],"line":53},"4":{"loc":{"start":{"line":61,"column":4},"end":{"line":61,"column":79}},"type":"if","locations":[{"start":{"line":61,"column":4},"end":{"line":61,"column":79}},{"start":{},"end":{}}],"line":61}},"s":{"0":4,"1":4,"2":3,"3":3,"4":4,"5":3,"6":3,"7":3,"8":3,"9":4,"10":3,"11":3,"12":3,"13":3,"14":3,"15":1,"16":3,"17":1,"18":3,"19":3,"20":0,"21":3,"22":4,"23":2,"24":2,"25":2},"f":{"0":3,"1":3,"2":3,"3":2},"b":{"0":[1,2],"1":[3,0],"2":[1,2],"3":[1,2],"4":[0,3]},"inputSourceMap":null,"_coverageSchema":"1a1c01bbd47fc00a2c39e90264f33305004495a9","hash":"3cd5c8111f651138b722bb7343b7e5aff196d9bd"}
,"D:\\Coding\\Projects\\ToDo-App\\routes\\users.js": {"path":"D:\\Coding\\Projects\\ToDo-App\\routes\\users.js","statementMap":{"0":{"start":{"line":16,"column":15},"end":{"line":16,"column":31}},"1":{"start":{"line":18,"column":0},"end":{"line":21,"column":3}},"2":{"start":{"line":19,"column":16},"end":{"line":19,"column":53}},"3":{"start":{"line":20,"column":2},"end":{"line":20,"column":18}},"4":{"start":{"line":24,"column":0},"end":{"line":31,"column":2}},"5":{"start":{"line":28,"column":17},"end":{"line":28,"column":24}},"6":{"start":{"line":29,"column":4},"end":{"line":29,"column":19}},"7":{"start":{"line":34,"column":0},"end":{"line":58,"column":3}},"8":{"start":{"line":35,"column":23},"end":{"line":37,"column":4}},"9":{"start":{"line":39,"column":2},"end":{"line":46,"column":3}},"10":{"start":{"line":40,"column":4},"end":{"line":45,"column":7}},"11":{"start":{"line":48,"column":15},"end":{"line":48,"column":76}},"12":{"start":{"line":50,"column":15},"end":{"line":50,"column":39}},"13":{"start":{"line":51,"column":2},"end":{"line":51,"column":57}},"14":{"start":{"line":53,"column":2},"end":{"line":53,"column":20}},"15":{"start":{"line":55,"column":16},"end":{"line":55,"column":40}},"16":{"start":{"line":57,"column":2},"end":{"line":57,"column":47}},"17":{"start":{"line":61,"column":0},"end":{"line":111,"column":2}},"18":{"start":{"line":71,"column":42},"end":{"line":71,"column":50}},"19":{"start":{"line":73,"column":24},"end":{"line":73,"column":26}},"20":{"start":{"line":76,"column":4},"end":{"line":79,"column":5}},"21":{"start":{"line":77,"column":19},"end":{"line":77,"column":43}},"22":{"start":{"line":78,"column":6},"end":{"line":78,"column":63}},"23":{"start":{"line":82,"column":25},"end":{"line":82,"column":44}},"24":{"start":{"line":84,"column":4},"end":{"line":99,"column":5}},"25":{"start":{"line":85,"column":6},"end":{"line":85,"column":27}},"26":{"start":{"line":85,"column":18},"end":{"line":85,"column":27}},"27":{"start":{"line":87,"column":23},"end":{"line":90,"column":8}},"28":{"start":{"line":92,"column":6},"end":{"line":96,"column":7}},"29":{"start":{"line":93,"column":8},"end":{"line":95,"column":11}},"30":{"start":{"line":98,"column":6},"end":{"line":98,"column":33}},"31":{"start":{"line":101,"column":24},"end":{"line":107,"column":5}},"32":{"start":{"line":109,"column":4},"end":{"line":109,"column":26}},"33":{"start":{"line":114,"column":0},"end":{"line":124,"column":2}},"34":{"start":{"line":118,"column":17},"end":{"line":118,"column":24}},"35":{"start":{"line":120,"column":4},"end":{"line":120,"column":27}},"36":{"start":{"line":122,"column":4},"end":{"line":122,"column":32}}},"fnMap":{"0":{"name":"(anonymous_0)","decl":{"start":{"line":18,"column":40},"end":{"line":18,"column":41}},"loc":{"start":{"line":18,"column":60},"end":{"line":21,"column":1}},"line":18},"1":{"name":"(anonymous_1)","decl":{"start":{"line":27,"column":2},"end":{"line":27,"column":3}},"loc":{"start":{"line":27,"column":22},"end":{"line":30,"column":3}},"line":27},"2":{"name":"(anonymous_2)","decl":{"start":{"line":34,"column":48},"end":{"line":34,"column":49}},"loc":{"start":{"line":34,"column":68},"end":{"line":58,"column":1}},"line":34},"3":{"name":"(anonymous_3)","decl":{"start":{"line":70,"column":2},"end":{"line":70,"column":3}},"loc":{"start":{"line":70,"column":22},"end":{"line":110,"column":3}},"line":70},"4":{"name":"(anonymous_4)","decl":{"start":{"line":117,"column":2},"end":{"line":117,"column":3}},"loc":{"start":{"line":117,"column":22},"end":{"line":123,"column":3}},"line":117}},"branchMap":{"0":{"loc":{"start":{"line":39,"column":2},"end":{"line":46,"column":3}},"type":"if","locations":[{"start":{"line":39,"column":2},"end":{"line":46,"column":3}},{"start":{},"end":{}}],"line":39},"1":{"loc":{"start":{"line":42,"column":8},"end":{"line":44,"column":53}},"type":"cond-expr","locations":[{"start":{"line":43,"column":12},"end":{"line":43,"column":50}},{"start":{"line":44,"column":12},"end":{"line":44,"column":53}}],"line":42},"2":{"loc":{"start":{"line":76,"column":4},"end":{"line":79,"column":5}},"type":"if","locations":[{"start":{"line":76,"column":4},"end":{"line":79,"column":5}},{"start":{},"end":{}}],"line":76},"3":{"loc":{"start":{"line":85,"column":6},"end":{"line":85,"column":27}},"type":"if","locations":[{"start":{"line":85,"column":6},"end":{"line":85,"column":27}},{"start":{},"end":{}}],"line":85},"4":{"loc":{"start":{"line":92,"column":6},"end":{"line":96,"column":7}},"type":"if","locations":[{"start":{"line":92,"column":6},"end":{"line":96,"column":7}},{"start":{},"end":{}}],"line":92}},"s":{"0":4,"1":4,"2":2,"3":2,"4":4,"5":4,"6":4,"7":4,"8":3,"9":3,"10":2,"11":1,"12":1,"13":1,"14":1,"15":1,"16":1,"17":4,"18":5,"19":5,"20":5,"21":5,"22":5,"23":5,"24":5,"25":8,"26":0,"27":8,"28":8,"29":2,"30":6,"31":3,"32":3,"33":4,"34":2,"35":2,"36":2},"f":{"0":2,"1":4,"2":3,"3":5,"4":2},"b":{"0":[2,1],"1":[1,1],"2":[5,0],"3":[0,8],"4":[2,6]},"inputSourceMap":null,"_coverageSchema":"1a1c01bbd47fc00a2c39e90264f33305004495a9","hash":"2b53ecced05733677e7e9c299ebd27988e4ba1e8"}
,"D:\\Coding\\Projects\\ToDo-App\\startup\\db.js": {"path":"D:\\Coding\\Projects\\ToDo-App\\startup\\db.js","statementMap":{"0":{"start":{"line":4,"column":0},"end":{"line":4,"column":14}},"1":{"start":{"line":8,"column":4},"end":{"line":10,"column":27}},"2":{"start":{"line":12,"column":2},"end":{"line":17,"column":3}},"3":{"start":{"line":13,"column":4},"end":{"line":15,"column":6}},"4":{"start":{"line":16,"column":4},"end":{"line":16,"column":20}},"5":{"start":{"line":19,"column":2},"end":{"line":22,"column":40}},"6":{"start":{"line":21,"column":16},"end":{"line":21,"column":59}},"7":{"start":{"line":22,"column":20},"end":{"line":22,"column":38}}},"fnMap":{"0":{"name":"(anonymous_0)","decl":{"start":{"line":6,"column":15},"end":{"line":6,"column":16}},"loc":{"start":{"line":6,"column":27},"end":{"line":23,"column":1}},"line":6},"1":{"name":"(anonymous_1)","decl":{"start":{"line":21,"column":10},"end":{"line":21,"column":11}},"loc":{"start":{"line":21,"column":16},"end":{"line":21,"column":59}},"line":21},"2":{"name":"(anonymous_2)","decl":{"start":{"line":22,"column":11},"end":{"line":22,"column":12}},"loc":{"start":{"line":22,"column":20},"end":{"line":22,"column":38}},"line":22}},"branchMap":{"0":{"loc":{"start":{"line":8,"column":4},"end":{"line":10,"column":27}},"type":"cond-expr","locations":[{"start":{"line":9,"column":8},"end":{"line":9,"column":32}},{"start":{"line":10,"column":8},"end":{"line":10,"column":27}}],"line":8},"1":{"loc":{"start":{"line":12,"column":2},"end":{"line":17,"column":3}},"type":"if","locations":[{"start":{"line":12,"column":2},"end":{"line":17,"column":3}},{"start":{},"end":{}}],"line":12}},"s":{"0":4,"1":4,"2":4,"3":0,"4":0,"5":4,"6":4,"7":0},"f":{"0":4,"1":4,"2":0},"b":{"0":[4,0],"1":[0,4]},"inputSourceMap":null,"_coverageSchema":"1a1c01bbd47fc00a2c39e90264f33305004495a9","hash":"0ba5183093a7ec4c411d93c95040a5717a9f5a5a"}
,"D:\\Coding\\Projects\\ToDo-App\\startup\\logger.js": {"path":"D:\\Coding\\Projects\\ToDo-App\\startup\\logger.js","statementMap":{"0":{"start":{"line":5,"column":0},"end":{"line":5,"column":16}},"1":{"start":{"line":7,"column":22},"end":{"line":37,"column":2}}},"fnMap":{},"branchMap":{"0":{"loc":{"start":{"line":26,"column":10},"end":{"line":26,"column":57}},"type":"binary-expr","locations":[{"start":{"line":26,"column":10},"end":{"line":26,"column":29}},{"start":{"line":26,"column":33},"end":{"line":26,"column":57}}],"line":26}},"s":{"0":4,"1":4},"f":{},"b":{"0":[4,0]},"inputSourceMap":null,"_coverageSchema":"1a1c01bbd47fc00a2c39e90264f33305004495a9","hash":"bfc5b0dfbcdfb7ff3f17120f28b1ff7a673bcfce"}
,"D:\\Coding\\Projects\\ToDo-App\\startup\\routes.js": {"path":"D:\\Coding\\Projects\\ToDo-App\\startup\\routes.js","statementMap":{"0":{"start":{"line":8,"column":2},"end":{"line":8,"column":26}},"1":{"start":{"line":9,"column":2},"end":{"line":9,"column":32}},"2":{"start":{"line":10,"column":2},"end":{"line":10,"column":32}},"3":{"start":{"line":11,"column":2},"end":{"line":11,"column":29}},"4":{"start":{"line":12,"column":2},"end":{"line":12,"column":27}}},"fnMap":{"0":{"name":"(anonymous_0)","decl":{"start":{"line":7,"column":15},"end":{"line":7,"column":16}},"loc":{"start":{"line":7,"column":30},"end":{"line":13,"column":1}},"line":7}},"branchMap":{},"s":{"0":4,"1":4,"2":4,"3":4,"4":4},"f":{"0":4},"b":{},"inputSourceMap":null,"_coverageSchema":"1a1c01bbd47fc00a2c39e90264f33305004495a9","hash":"028568a88b4210851aa288b1cc52f5eec2904b0e"}
,"D:\\Coding\\Projects\\ToDo-App\\tests\\test.helpers.js": {"path":"D:\\Coding\\Projects\\ToDo-App\\tests\\test.helpers.js","statementMap":{"0":{"start":{"line":8,"column":26},"end":{"line":26,"column":1}},"1":{"start":{"line":14,"column":21},"end":{"line":14,"column":61}},"2":{"start":{"line":15,"column":15},"end":{"line":15,"column":47}},"3":{"start":{"line":16,"column":21},"end":{"line":16,"column":54}},"4":{"start":{"line":17,"column":15},"end":{"line":22,"column":4}},"5":{"start":{"line":23,"column":2},"end":{"line":23,"column":20}},"6":{"start":{"line":24,"column":16},"end":{"line":24,"column":40}},"7":{"start":{"line":25,"column":2},"end":{"line":25,"column":46}},"8":{"start":{"line":31,"column":26},"end":{"line":49,"column":1}},"9":{"start":{"line":37,"column":2},"end":{"line":37,"column":59}},"10":{"start":{"line":37,"column":13},"end":{"line":37,"column":59}},"11":{"start":{"line":38,"column":15},"end":{"line":46,"column":4}},"12":{"start":{"line":47,"column":2},"end":{"line":47,"column":20}},"13":{"start":{"line":48,"column":2},"end":{"line":48,"column":18}},"14":{"start":{"line":55,"column":23},"end":{"line":58,"column":1}},"15":{"start":{"line":56,"column":2},"end":{"line":56,"column":28}},"16":{"start":{"line":57,"column":2},"end":{"line":57,"column":28}},"17":{"start":{"line":66,"column":26},"end":{"line":91,"column":1}},"18":{"start":{"line":67,"column":48},"end":{"line":67,"column":66}},"19":{"start":{"line":68,"column":49},"end":{"line":70,"column":4}},"20":{"start":{"line":71,"column":49},"end":{"line":74,"column":4}},"21":{"start":{"line":76,"column":2},"end":{"line":90,"column":4}},"22":{"start":{"line":93,"column":25},"end":{"line":100,"column":1}},"23":{"start":{"line":94,"column":2},"end":{"line":99,"column":4}},"24":{"start":{"line":102,"column":25},"end":{"line":109,"column":1}},"25":{"start":{"line":103,"column":2},"end":{"line":108,"column":4}}},"fnMap":{"0":{"name":"(anonymous_0)","decl":{"start":{"line":8,"column":26},"end":{"line":8,"column":27}},"loc":{"start":{"line":13,"column":8},"end":{"line":26,"column":1}},"line":13},"1":{"name":"(anonymous_1)","decl":{"start":{"line":31,"column":26},"end":{"line":31,"column":27}},"loc":{"start":{"line":36,"column":8},"end":{"line":49,"column":1}},"line":36},"2":{"name":"(anonymous_2)","decl":{"start":{"line":55,"column":23},"end":{"line":55,"column":24}},"loc":{"start":{"line":55,"column":35},"end":{"line":58,"column":1}},"line":55},"3":{"name":"(anonymous_3)","decl":{"start":{"line":66,"column":26},"end":{"line":66,"column":27}},"loc":{"start":{"line":66,"column":38},"end":{"line":91,"column":1}},"line":66},"4":{"name":"(anonymous_4)","decl":{"start":{"line":93,"column":25},"end":{"line":93,"column":26}},"loc":{"start":{"line":93,"column":51},"end":{"line":100,"column":1}},"line":93},"5":{"name":"(anonymous_5)","decl":{"start":{"line":102,"column":25},"end":{"line":102,"column":26}},"loc":{"start":{"line":102,"column":51},"end":{"line":109,"column":1}},"line":102}},"branchMap":{"0":{"loc":{"start":{"line":8,"column":42},"end":{"line":13,"column":6}},"type":"default-arg","locations":[{"start":{"line":13,"column":4},"end":{"line":13,"column":6}}],"line":8},"1":{"loc":{"start":{"line":9,"column":2},"end":{"line":9,"column":49}},"type":"default-arg","locations":[{"start":{"line":9,"column":13},"end":{"line":9,"column":49}}],"line":9},"2":{"loc":{"start":{"line":10,"column":2},"end":{"line":10,"column":23}},"type":"default-arg","locations":[{"start":{"line":10,"column":13},"end":{"line":10,"column":23}}],"line":10},"3":{"loc":{"start":{"line":11,"column":2},"end":{"line":11,"column":40}},"type":"default-arg","locations":[{"start":{"line":11,"column":10},"end":{"line":11,"column":40}}],"line":11},"4":{"loc":{"start":{"line":12,"column":2},"end":{"line":12,"column":17}},"type":"default-arg","locations":[{"start":{"line":12,"column":12},"end":{"line":12,"column":17}}],"line":12},"5":{"loc":{"start":{"line":14,"column":21},"end":{"line":14,"column":61}},"type":"cond-expr","locations":[{"start":{"line":14,"column":55},"end":{"line":14,"column":56}},{"start":{"line":14,"column":59},"end":{"line":14,"column":61}}],"line":14},"6":{"loc":{"start":{"line":31,"column":42},"end":{"line":36,"column":6}},"type":"default-arg","locations":[{"start":{"line":36,"column":4},"end":{"line":36,"column":6}}],"line":31},"7":{"loc":{"start":{"line":32,"column":2},"end":{"line":32,"column":19}},"type":"default-arg","locations":[{"start":{"line":32,"column":9},"end":{"line":32,"column":19}}],"line":32},"8":{"loc":{"start":{"line":33,"column":2},"end":{"line":33,"column":20}},"type":"default-arg","locations":[{"start":{"line":33,"column":11},"end":{"line":33,"column":20}}],"line":33},"9":{"loc":{"start":{"line":34,"column":2},"end":{"line":34,"column":24}},"type":"default-arg","locations":[{"start":{"line":34,"column":12},"end":{"line":34,"column":24}}],"line":34},"10":{"loc":{"start":{"line":37,"column":2},"end":{"line":37,"column":59}},"type":"if","locations":[{"start":{"line":37,"column":2},"end":{"line":37,"column":59}},{"start":{},"end":{}}],"line":37},"11":{"loc":{"start":{"line":93,"column":35},"end":{"line":93,"column":49}},"type":"default-arg","locations":[{"start":{"line":93,"column":47},"end":{"line":93,"column":49}}],"line":93},"12":{"loc":{"start":{"line":102,"column":35},"end":{"line":102,"column":49}},"type":"default-arg","locations":[{"start":{"line":102,"column":47},"end":{"line":102,"column":49}}],"line":102}},"s":{"0":4,"1":240,"2":240,"3":240,"4":240,"5":240,"6":240,"7":240,"8":4,"9":34,"10":0,"11":34,"12":34,"13":34,"14":4,"15":78,"16":78,"17":4,"18":80,"19":80,"20":80,"21":80,"22":4,"23":23,"24":4,"25":10},"f":{"0":240,"1":34,"2":78,"3":80,"4":23,"5":10},"b":{"0":[80],"1":[160],"2":[240],"3":[160],"4":[160],"5":[240,0],"6":[0],"7":[34],"8":[34],"9":[34],"10":[0,34],"11":[9],"12":[10]},"inputSourceMap":null,"_coverageSchema":"1a1c01bbd47fc00a2c39e90264f33305004495a9","hash":"ee60f8d604215bb1f4d2722607ad86f85d45c099"}
}
