TN:
SF:index.js
FN:13,(anonymous_0)
FNF:1
FNH:1
FNDA:4,(anonymous_0)
DA:7,4
DA:8,4
DA:9,4
DA:10,4
DA:12,4
DA:13,4
LF:6
LH:6
BRDA:12,0,0,4
BRDA:12,0,1,0
BRF:2
BRH:1
end_of_record
TN:
SF:middleware\auth.js
FN:3,(anonymous_0)
FNF:1
FNH:1
FNDA:66,(anonymous_0)
DA:3,4
DA:4,66
DA:5,66
DA:7,59
DA:8,59
DA:9,52
DA:10,52
DA:12,7
LF:8
LH:8
BRDA:5,0,0,7
BRDA:5,0,1,59
BRF:2
BRH:2
end_of_record
TN:
SF:middleware\authorizeAdmin.js
FN:1,(anonymous_0)
FNF:1
FNH:1
FNDA:3,(anonymous_0)
DA:1,4
DA:2,3
DA:3,1
DA:5,2
LF:4
LH:4
BRDA:2,0,0,1
BRDA:2,0,1,2
BRF:2
BRH:2
end_of_record
TN:
SF:middleware\authorizeBoth.js
FN:1,(anonymous_0)
FNF:1
FNH:1
FNDA:8,(anonymous_0)
DA:1,4
DA:2,8
DA:4,8
DA:6,8
DA:8,6
DA:10,2
LF:6
LH:6
BRDA:2,0,0,0
BRDA:2,0,1,8
BRDA:4,1,0,0
BRDA:4,1,1,8
BRDA:6,2,0,2
BRDA:6,2,1,6
BRDA:8,3,0,4
BRDA:8,3,1,2
BRF:8
BRH:6
end_of_record
TN:
SF:middleware\authorizeTaskOwner.js
FN:1,(anonymous_0)
FNF:1
FNH:1
FNDA:8,(anonymous_0)
DA:1,4
DA:2,8
DA:5,8
DA:6,3
LF:4
LH:4
BRDA:2,0,0,0
BRDA:2,0,1,8
BRDA:5,1,0,5
BRDA:5,1,1,3
BRF:4
BRH:3
end_of_record
TN:
SF:middleware\authorizeUser.js
FN:1,(anonymous_0)
FNF:1
FNH:1
FNDA:6,(anonymous_0)
DA:1,4
DA:2,6
DA:4,6
DA:5,1
LF:4
LH:4
BRDA:2,0,0,0
BRDA:2,0,1,6
BRDA:4,1,0,5
BRDA:4,1,1,1
BRF:4
BRH:3
end_of_record
TN:
SF:middleware\error.js
FN:2,(anonymous_0)
FNF:1
FNH:0
FNDA:0,(anonymous_0)
DA:2,4
DA:3,0
DA:5,0
LF:3
LH:1
BRF:0
BRH:0
end_of_record
TN:
SF:middleware\exist.js
FN:1,(anonymous_0)
FN:2,(anonymous_1)
FNF:2
FNH:2
FNDA:20,(anonymous_0)
FNDA:36,(anonymous_1)
DA:1,4
DA:2,20
DA:3,36
DA:5,36
DA:6,5
DA:10,31
DA:12,31
LF:7
LH:7
BRDA:5,0,0,5
BRDA:5,0,1,31
BRF:2
BRH:2
end_of_record
TN:
SF:middleware\idValidator.js
FN:3,(anonymous_0)
FNF:1
FNH:1
FNDA:43,(anonymous_0)
DA:3,4
DA:4,43
DA:5,5
DA:7,38
LF:4
LH:4
BRDA:4,0,0,5
BRDA:4,0,1,38
BRF:2
BRH:2
end_of_record
TN:
SF:middleware\validate.js
FN:1,(anonymous_0)
FN:2,(anonymous_1)
FNF:2
FNH:2
FNDA:20,(anonymous_0)
FNDA:35,(anonymous_1)
DA:1,4
DA:2,20
DA:3,35
DA:4,35
DA:5,21
LF:5
LH:5
BRDA:4,0,0,14
BRDA:4,0,1,21
BRF:2
BRH:2
end_of_record
TN:
SF:models\tasks.js
FN:40,(anonymous_0)
FN:49,(anonymous_1)
FNF:2
FNH:2
FNDA:6,(anonymous_0)
FNDA:6,(anonymous_1)
DA:4,4
DA:32,4
DA:34,4
DA:40,4
DA:41,6
DA:49,4
DA:50,6
LF:7
LH:7
BRF:0
BRH:0
end_of_record
TN:
SF:models\users.js
FN:39,(anonymous_0)
FN:46,(anonymous_1)
FN:63,(anonymous_2)
FN:71,(anonymous_3)
FNF:4
FNH:4
FNDA:16,(anonymous_0)
FNDA:242,(anonymous_1)
FNDA:3,(anonymous_2)
FNDA:13,(anonymous_3)
DA:5,4
DA:7,4
DA:38,4
DA:40,16
DA:41,16
DA:42,16
DA:46,4
DA:48,242
DA:54,4
DA:56,4
DA:63,4
DA:64,3
DA:71,4
DA:72,13
LF:14
LH:14
BRF:0
BRH:0
end_of_record
TN:
SF:routes\auth.js
FN:8,(anonymous_0)
FN:18,(anonymous_1)
FNF:2
FNH:2
FNDA:7,(anonymous_0)
FNDA:5,(anonymous_1)
DA:6,4
DA:8,4
DA:9,7
DA:15,7
DA:18,4
DA:19,5
DA:21,5
DA:24,5
DA:25,2
DA:29,3
DA:30,3
DA:31,2
DA:35,1
DA:37,1
LF:14
LH:14
BRDA:24,0,0,2
BRDA:24,0,1,3
BRDA:30,1,0,2
BRDA:30,1,1,1
BRF:4
BRH:4
end_of_record
TN:
SF:routes\tasks.js
FN:14,(anonymous_0)
FN:19,(anonymous_1)
FN:46,(anonymous_2)
FN:70,(anonymous_3)
FNF:4
FNH:4
FNDA:3,(anonymous_0)
FNDA:3,(anonymous_1)
FNDA:3,(anonymous_2)
FNDA:2,(anonymous_3)
DA:12,4
DA:14,4
DA:15,3
DA:16,3
DA:19,4
DA:20,3
DA:22,3
DA:32,3
DA:34,3
DA:37,4
DA:47,3
DA:50,3
DA:51,3
DA:52,3
DA:53,3
DA:55,3
DA:61,3
DA:63,3
DA:67,4
DA:71,2
DA:73,2
DA:75,2
LF:22
LH:22
BRDA:29,0,0,1
BRDA:29,0,1,2
BRDA:51,1,0,3
BRDA:51,1,1,0
BRDA:52,2,0,1
BRDA:52,2,1,2
BRDA:53,3,0,1
BRDA:53,3,1,2
BRDA:61,4,0,0
BRDA:61,4,1,3
BRF:10
BRH:8
end_of_record
TN:
SF:routes\users.js
FN:18,(anonymous_0)
FN:27,(anonymous_1)
FN:34,(anonymous_2)
FN:70,(anonymous_3)
FN:117,(anonymous_4)
FNF:5
FNH:5
FNDA:2,(anonymous_0)
FNDA:4,(anonymous_1)
FNDA:3,(anonymous_2)
FNDA:5,(anonymous_3)
FNDA:2,(anonymous_4)
DA:16,4
DA:18,4
DA:19,2
DA:20,2
DA:24,4
DA:28,4
DA:29,4
DA:34,4
DA:35,3
DA:39,3
DA:40,2
DA:48,1
DA:50,1
DA:51,1
DA:53,1
DA:55,1
DA:57,1
DA:61,4
DA:71,5
DA:73,5
DA:76,5
DA:77,5
DA:78,5
DA:82,5
DA:84,5
DA:85,8
DA:87,8
DA:92,8
DA:93,2
DA:98,6
DA:101,3
DA:109,3
DA:114,4
DA:118,2
DA:120,2
DA:122,2
LF:36
LH:36
BRDA:39,0,0,2
BRDA:39,0,1,1
BRDA:42,1,0,1
BRDA:42,1,1,1
BRDA:76,2,0,5
BRDA:76,2,1,0
BRDA:85,3,0,0
BRDA:85,3,1,8
BRDA:92,4,0,2
BRDA:92,4,1,6
BRF:10
BRH:8
end_of_record
TN:
SF:startup\db.js
FN:6,(anonymous_0)
FN:21,(anonymous_1)
FN:22,(anonymous_2)
FNF:3
FNH:2
FNDA:4,(anonymous_0)
FNDA:4,(anonymous_1)
FNDA:0,(anonymous_2)
DA:4,4
DA:8,4
DA:12,4
DA:13,0
DA:16,0
DA:19,4
DA:21,4
DA:22,0
LF:8
LH:5
BRDA:8,0,0,4
BRDA:8,0,1,0
BRDA:12,1,0,0
BRDA:12,1,1,4
BRF:4
BRH:2
end_of_record
TN:
SF:startup\logger.js
FNF:0
FNH:0
DA:5,4
DA:7,4
LF:2
LH:2
BRDA:26,0,0,4
BRDA:26,0,1,0
BRF:2
BRH:1
end_of_record
TN:
SF:startup\routes.js
FN:7,(anonymous_0)
FNF:1
FNH:1
FNDA:4,(anonymous_0)
DA:8,4
DA:9,4
DA:10,4
DA:11,4
DA:12,4
LF:5
LH:5
BRF:0
BRH:0
end_of_record
TN:
SF:tests\test.helpers.js
FN:8,(anonymous_0)
FN:31,(anonymous_1)
FN:55,(anonymous_2)
FN:66,(anonymous_3)
FN:93,(anonymous_4)
FN:102,(anonymous_5)
FNF:6
FNH:6
FNDA:240,(anonymous_0)
FNDA:34,(anonymous_1)
FNDA:78,(anonymous_2)
FNDA:80,(anonymous_3)
FNDA:23,(anonymous_4)
FNDA:10,(anonymous_5)
DA:8,4
DA:14,240
DA:15,240
DA:16,240
DA:17,240
DA:23,240
DA:24,240
DA:25,240
DA:31,4
DA:37,34
DA:38,34
DA:47,34
DA:48,34
DA:55,4
DA:56,78
DA:57,78
DA:66,4
DA:67,80
DA:68,80
DA:71,80
DA:76,80
DA:93,4
DA:94,23
DA:102,4
DA:103,10
LF:25
LH:25
BRDA:8,0,0,80
BRDA:9,1,0,160
BRDA:10,2,0,240
BRDA:11,3,0,160
BRDA:12,4,0,160
BRDA:14,5,0,240
BRDA:14,5,1,0
BRDA:31,6,0,0
BRDA:32,7,0,34
BRDA:33,8,0,34
BRDA:34,9,0,34
BRDA:37,10,0,0
BRDA:37,10,1,34
BRDA:93,11,0,9
BRDA:102,12,0,10
BRF:15
BRH:12
end_of_record
